bond length (Ang), energy (Ha), drivative (Ha/Ang)
0.55 2.514475123647576 -0.8200369565926844
0.6000000000000001 2.130441242099046 -0.718008870651199
0.6500000000000001 1.7946536878752175 -0.6268601079602416
0.7000000000000002 1.5019505674101792 -0.5454982991805293
0.7500000000000002 1.2476890371127147 -0.47293781074507785
0.8000000000000003 1.0276945519037208 -0.40828945187483945
0.8500000000000003 0.8382150095914511 -0.35075116772106935
0.9000000000000004 0.6758793219555282 -0.29959962446920735
0.9500000000000004 0.5376599882116417 -0.25418260121580727
1.0000000000000004 0.42083928705878787 -0.21391211155178305
1.0500000000000005 0.32297874017661116 -0.17825818513335584
1.1000000000000005 0.24189153320992612 -0.14674324617023912
1.1500000000000006 0.17561761028396136 -0.11893703177544357
1.2000000000000006 0.1224011852385022 -0.0944519985629009
1.2500000000000007 0.08067043732464475 -0.0729391708024771
1.3000000000000007 0.049019181320930263 -0.054084387896219846
1.3500000000000008 0.026190322119436553 -0.03760491296954374
1.4000000000000008 0.011060922008874416 -0.02324636801690425
1.4500000000000008 0.002628725323599462 -0.010779964339924538
1.5000000000000009 7.888609052210118e-31 1.776356839400249e-16
1.550000000000001 0.002378569034531641 0.009278401292951047
1.600000000000001 0.00905591700606287 0.01722133299159568
1.650000000000001 0.0194022678316025 0.023977951148668117
1.700000000000001 0.03285853987967592 0.02968214140846863
1.750000000000001 0.04892909356982408 0.03445402467175439
1.8000000000000012 0.06717519473059115 0.038401316917538376
1.8500000000000012 0.08720912435398316 0.04162055718546086
1.9000000000000012 0.10868887204594356 0.0441982163836836
1.9500000000000013 0.13131335649705314 0.04621169837623488
2.0000000000000013 0.1548181217461761 0.04773024370823825
2.050000000000001 0.17897146293710675 0.048815745336481454
2.100000000000001 0.20357093972414966 0.04952348483636488
2.150000000000001 0.22844023951198095 0.04990279674540069
2.2000000000000006 0.2534263563587878 0.049997667969960614
2.2500000000000004 0.2783970546664006 0.049847278518516974
2.3000000000000003 0.3032385897602124 0.049486489224513236
2.35 0.3278536601552814 0.048946281579198406
2.4 0.3521595687403882 0.04825415430380251
2.4499999999999997 0.3760865723136326 0.047434480846373236
2.4999999999999996 0.39957640089372776 0.046508831586965935
2.5499999999999994 0.42258093003067104 0.04549626417163471
2.599999999999999 0.4450609909661744 0.04441358506714915
2.649999999999999 0.4669853049646969 0.043275585131249926
2.699999999999999 0.48832952946500785 0.042095251724557955
2.7499999999999987 0.5090754049035181 0.04088395964725829
2.7999999999999985 0.5292099921463082 0.039651642963935786
2.8499999999999983 0.5487249914479662 0.038406949581228395
2.899999999999998 0.5676161347420043 0.03715738026327776
2.949999999999998 0.5858826438688113 0.03590941360747814
2.999999999999998 0.6035267480710035 0.034668618356113234
3.0499999999999976 0.620553254740071 0.03343975428663711
3.0999999999999974 0.6369691679890546 0.03222686280325791
3.1499999999999972 0.6527833501597309 0.031033348243902886
3.199999999999997 0.668006221854856 0.029862050818481787
3.249999999999997 0.6826494965214273 0.0287153120056254
3.2999999999999967 0.6967259460041185 0.02759503315485887
3.3499999999999965 0.7102491938430833 0.02650272796865772
3.3999999999999964 0.7232335334108947 0.02543956947329397
3.449999999999996 0.7356937682727764 0.024406432028141918
3.499999999999996 0.7476450724155078 0.023403928869575784
3.549999999999996 0.7591028682261519 0.02243244563720868
3.5999999999999956 0.770082720314513 0.02149217028650092
3.6499999999999955 0.7806002434652061 0.020583119752259287
3.6999999999999953 0.7906710231783997 0.01970516369185317
3.749999999999995 0.8003105474145126 0.018858045604724486
3.799999999999995 0.8095341482990251 0.018041401595634114
3.8499999999999948 0.8183569526705956 0.01725477702277084
3.8999999999999946 0.8267938404701941 0.016497641248078575
3.9499999999999944 0.8348594100721823 0.015769400685689314
3.9999999999999942 0.842567949751287 0.015069410324962746
4.0499999999999945 0.8499334145632085 0.014396983887127577
4.099999999999994 0.8569694079920922 0.013751402758714695
4.149999999999994 0.8636891677860503 0.013131923830703945
4.199999999999994 0.8701055554631124 0.012537786359427492
4.249999999999994 0.8762310490250481 0.01196821795364877
4.299999999999994 0.8820777384660462 0.011422439781747076
4.349999999999993 0.8876573237077937 0.010899671083473506
4.399999999999993 0.8929811146325607 0.010399133062206349
4.449999999999993 0.898060032921903 0.00992005222593287
4.499999999999993 0.9029046154409378 0.009461663238239581
4.549999999999993 0.9075250189372032 0.009023211334331087
4.5999999999999925 0.9119310258491795 0.008603954351452477
4.649999999999992 0.9161320510429478 0.008203164418002314
4.699999999999992 0.920137149316441 0.007820129341038515
4.749999999999992 0.9239550235295328 0.007454153727748944
4.799999999999992 0.9275940332350673 0.007104559872738479
4.849999999999992 0.9310622037009829 0.006770688439634364
4.8999999999999915 0.934367235227192 0.006451898962496308
4.949999999999991 0.937516512672912 0.006147570189803938
4.999999999999991 0.940517115120917 0.005857100291352848
5.049999999999991 0.9433758256147866 0.005579906946194754
5.099999999999991 0.946099140913791 0.0053154273277832235
5.149999999999991 0.9486932812176828 0.005063118000712347
5.19999999999999 0.9511641998204504 0.004822454741842009
5.24999999999999 0.9535175926581293 0.0045929322971723
5.29999999999999 0.9557589077211088 0.00437406408454504
5.34999999999999 0.957893354306132 0.004165381851098116
5.39999999999999 0.9599259120873707 0.003966435293364961
5.4499999999999895 0.9618613399896848 0.003776791646985606
5.499999999999989 0.9637041848504339 0.003596035252166372
5.549999999999989 0.9654587898590915 0.003423767100282965
5.599999999999989 0.9671293027664493 0.003259604366357857
5.649999999999989 0.9687196838573985 0.0031031799315493418
5.699999999999989 0.970233713683223 0.0029541418992598046
5.7499999999999885 0.9716750005510117 0.0028121531079977544
5.799999999999988 0.9730469877692653 0.0026768906437067016
5.849999999999988 0.9743529606500276 0.002548045353898477
5.899999999999988 0.9755960532689584 0.0024253213655946217
5.949999999999988 0.9767792549856908 0.002308435608782715
5.999999999999988 0.9779054167276017 0.0021971173468311525
6.049999999999987 0.9789772570407844 0.0020911077150725338
6.099999999999987 0.9799973679125696 0.0019901592685593232
6.149999999999987 0.9809682203703909 0.0018940355398130912
6.199999999999987 0.9818921698621649 0.0018025106072278609
6.249999999999987 0.9827714614236464 0.0017153686746466097
6.2999999999999865 0.9836082346384506 0.0016324036625058568
6.349999999999986 0.9844045283966015 0.0015534188108345314
6.399999999999986 0.9851622854575832 0.0014782262942984532
6.449999999999986 0.9858833568239517 0.0014066468493992086
6.499999999999986 0.9865695059315913 0.0013385094138646156
6.549999999999986 0.9872224126627123 0.0012736507782062346
6.599999999999985 0.9878436771876526 0.0012119152493663195
6.649999999999985 0.9884348236415011 0.0011531543263313018
6.699999999999985 0.9889973036414866 0.0010972263875504902
6.749999999999985 0.9895324996509868 0.001043996389966343
6.799999999999985 0.990041728195911 0.0009933355794357578
6.8499999999999845 0.9905262429390902 0.0009451212122996673
6.899999999999984 0.9909872376181856 0.0008992362878403133
6.949999999999984 0.9914258488524911 0.0008555692913513255
6.999999999999984 0.991843158823862 0.0008140139475347772
7.049999999999984 0.9922401978368676 0.0007744689839312674
7.099999999999984 0.9926179467630998 0.0007368379040834621
7.1499999999999835 0.9929773393744374 0.00070102877013008
7.199999999999983 0.9933192645698999 0.0006669539945257475
7.249999999999983 0.9936445685005793 0.000634530140582218
7.299999999999983 0.9939540565969845 0.0006036777315279237
7.349999999999983 0.9942484955029842 0.0005743210677855068
7.399999999999983 0.9945286149203783 0.000546388052170668
7.449999999999982 0.9947951093679903 0.000519810022720233
7.499999999999982 0.9950486398590206 0.0004945215928626147
7.549999999999982 0.9952898355002612 0.0004704604986497249
7.599999999999982 0.9955192950166353 0.0004475674527757463
7.649999999999982 0.9957375882043877 0.00042578600511493294
7.6999999999999815 0.9959452573161159 0.00040506240951764715
7.749999999999981 0.9961428183807166 0.0003853454966111333
7.799999999999981 0.9963307624611764 0.00036658655235896045
7.849999999999981 0.9965095568530358 0.0003487392021406231
7.899999999999981 0.9966796462262241 0.00033175930012038584
7.949999999999981 0.9968414537128533 0.0003156048236820763
7.9999999999999805 0.9969953819434518 0.0003002357727141242
8.049999999999981 0.9971418140340088 0.0002856140735366755
8.099999999999982 0.9972811145261018 0.00027170348727006727
8.149999999999983 0.9974136302822776 0.0002584695224512873
8.199999999999983 0.9975396913387651 0.00024587935171227173
8.249999999999984 0.997659611717504 0.00023390173234096178
8.299999999999985 0.9977736901993903 0.00022250693055297268
8.349999999999985 0.9978822110605499 0.00021166664930847816
8.399999999999986 0.9979854447733739 0.00020135395951550447
8.449999999999987 0.9980836486739699 0.00019154323446722696
8.499999999999988 0.9981770675976102 0.00018221008736708482
8.549999999999988 0.9982659344836853 0.00017333131180155922
8.599999999999989 0.9983504709516026 0.00016488482502630315
8.64999999999999 0.9984308878490042 0.00015684961393696157
8.69999999999999 0.9985073857736159 0.0001492056836014834
8.749999999999991 0.9985801555699774 0.00014193400823599752
8.799999999999992 0.998649378802249 0.00013501648451141188
8.849999999999993 0.9987152282042304 0.000128435887082795
8.899999999999993 0.9987778681076788 0.00012217582623831762
8.949999999999994 0.9988374548499609 0.00011622070756907376
8.999999999999995 0.9988941371620249 0.00011055569356546695
9.049999999999995 0.9989480565376336 0.00010516666705004239
9.099999999999996 0.9989993475847561 0.000100040196360676
9.149999999999997 0.9990481383599683 9.51635022018989e-05
9.199999999999998 0.9990945506866841 9.052442608584741e-05
9.249999999999998 0.9991387004579848 8.611140028788535e-05
9.299999999999999 0.9991806979247935 8.191341924535752e-05
9.35 0.9992206479700912 7.792001233119959e-05
9.4 0.9992586503698546 7.412121793725923e-05
9.450000000000001 0.9992948000413459 7.050755880517903e-05
9.500000000000002 0.9993291872793697 6.707001854555839e-05
9.550000000000002 0.9993618979810746 6.38000192888543e-05
9.600000000000003 0.9993930138598506 6.068940041410401e-05
9.650000000000004 0.9994226126488513 5.773039830406047e-05
9.700000000000005 0.9994507682946392 5.491562707772853e-05
9.750000000000005 0.9994775511414304 5.223806025358056e-05
9.800000000000006 0.9995030281063976 4.969101329891895e-05
9.850000000000007 0.9995272628464567 4.726812702294277e-05
9.900000000000007 0.9995503159169559 4.4963351773072656e-05
9.950000000000008 0.9995722449226525 4.2770932395993034e-05
10.000000000000009 0.9995931046613559 4.068539392669091e-05
10.05000000000001 0.9996129472605895 3.870152797050584e-05
10.10000000000001 0.9996318223076082 3.6814379744863054e-05
10.150000000000011 0.9996497769730975 3.501923574894218e-05
10.200000000000012 0.9996668561288572 3.3311612031041814e-05
10.250000000000012 0.99968310245976 3.168724302483837e-05
10.300000000000013 0.999698556570269 3.0142070927109374e-05
10.350000000000014 0.9997132570857697 2.8672235590798703e-05
10.400000000000015 0.9997272407489752 2.7274064908548514e-05
10.450000000000015 0.9997405425116392 2.5944065663011044e-05
10.500000000000016 0.9997531956218064 2.4678914821386575e-05
